android/app/build/intermediates/manifest_merge_blame_file/release/manifest-merger-blame-release-report.txt
1<?xml version="1.0" encoding="utf-8"?>
2<manifest xmlns:android="http://schemas.android.com/apk/res/android"
3    package="com.rentwisegh"
4    android:versionCode="2"
5    android:versionName="1.1" >
6
7    <uses-sdk
8        android:minSdkVersion="21"
8-->src/main/AndroidManifest.xml
9        android:targetSdkVersion="33" />
9-->src/main/AndroidManifest.xml
10
11    <uses-permission android:name="android.permission.INTERNET" />
11-->src/main/AndroidManifest.xml:3:5-67
11-->src/main/AndroidManifest.xml:3:22-64
12    <uses-permission android:name="android.permission.ACCESS_NETWORK_STATE" />
12-->[:ionic-community_netinfo] AndroidManifest.xml:7:5-79
12-->[:ionic-community_netinfo] AndroidManifest.xml:7:22-76
13    <uses-permission android:name="android.permission.ACCESS_WIFI_STATE" /> <!-- Create a unique permission for your app and use it so only your app can receive your OneSignal messages. -->
13-->[:ionic-community_netinfo] AndroidManifest.xml:8:5-76
13-->[:ionic-community_netinfo] AndroidManifest.xml:8:22-73
14    <permission
14-->[com.onesignal:OneSignal:4.8.5] AndroidManifest.xml:7:5-9:47
15        android:name="com.rentwisegh.permission.C2D_MESSAGE"
15-->[com.onesignal:OneSignal:4.8.5] AndroidManifest.xml:8:9-63
16        android:protectionLevel="signature" />
16-->[com.onesignal:OneSignal:4.8.5] AndroidManifest.xml:9:9-44
17
18    <uses-permission android:name="com.rentwisegh.permission.C2D_MESSAGE" /> <!-- OneSignal SDK has runtime checks Android version. -->
18-->[com.onesignal:OneSignal:4.8.5] AndroidManifest.xml:11:5-79
18-->[com.onesignal:OneSignal:4.8.5] AndroidManifest.xml:11:22-76
19    <!-- <uses-sdk tools:overrideLibrary="android.support.customtabs"/> -->
20    <!-- Required runtime permission to display notifications on Android 13 -->
21    <uses-permission android:name="android.permission.POST_NOTIFICATIONS" /> <!-- c2dm RECEIVE are basic requirements for push messages through Google's FCM -->
21-->[com.onesignal:OneSignal:4.8.5] AndroidManifest.xml:16:5-77
21-->[com.onesignal:OneSignal:4.8.5] AndroidManifest.xml:16:22-74
22    <uses-permission android:name="com.google.android.c2dm.permission.RECEIVE" /> <!-- Required, makes sure notifications are delivered on time. -->
22-->[com.onesignal:OneSignal:4.8.5] AndroidManifest.xml:18:5-82
22-->[com.onesignal:OneSignal:4.8.5] AndroidManifest.xml:18:22-79
23    <uses-permission android:name="android.permission.WAKE_LOCK" />
23-->[com.onesignal:OneSignal:4.8.5] AndroidManifest.xml:19:5-68
23-->[com.onesignal:OneSignal:4.8.5] AndroidManifest.xml:19:22-65
24    <!--
25 Required so the device vibrates on receiving a push notification.
26         Vibration settings of the device still apply.
27    -->
28    <uses-permission android:name="android.permission.VIBRATE" />
28-->[com.onesignal:OneSignal:4.8.5] AndroidManifest.xml:24:5-66
28-->[com.onesignal:OneSignal:4.8.5] AndroidManifest.xml:24:22-63
29    <!--
30 Use to restore notifications the user hasn't interacted with.
31         They could be missed notifications if the user reboots their device if this isn't in place.
32    -->
33    <uses-permission android:name="android.permission.RECEIVE_BOOT_COMPLETED" /> <!-- START: ShortcutBadger -->
33-->[com.onesignal:OneSignal:4.8.5] AndroidManifest.xml:30:5-81
33-->[com.onesignal:OneSignal:4.8.5] AndroidManifest.xml:30:22-78
34    <!-- Samsung -->
35    <uses-permission android:name="com.sec.android.provider.badge.permission.READ" />
35-->[com.onesignal:OneSignal:4.8.5] AndroidManifest.xml:32:5-86
35-->[com.onesignal:OneSignal:4.8.5] AndroidManifest.xml:32:22-83
36    <uses-permission android:name="com.sec.android.provider.badge.permission.WRITE" /> <!-- HTC -->
36-->[com.onesignal:OneSignal:4.8.5] AndroidManifest.xml:33:5-87
36-->[com.onesignal:OneSignal:4.8.5] AndroidManifest.xml:33:22-84
37    <uses-permission android:name="com.htc.launcher.permission.READ_SETTINGS" />
37-->[com.onesignal:OneSignal:4.8.5] AndroidManifest.xml:34:5-81
37-->[com.onesignal:OneSignal:4.8.5] AndroidManifest.xml:34:22-78
38    <uses-permission android:name="com.htc.launcher.permission.UPDATE_SHORTCUT" /> <!-- Sony -->
38-->[com.onesignal:OneSignal:4.8.5] AndroidManifest.xml:35:5-83
38-->[com.onesignal:OneSignal:4.8.5] AndroidManifest.xml:35:22-80
39    <uses-permission android:name="com.sonyericsson.home.permission.BROADCAST_BADGE" />
39-->[com.onesignal:OneSignal:4.8.5] AndroidManifest.xml:36:5-88
39-->[com.onesignal:OneSignal:4.8.5] AndroidManifest.xml:36:22-85
40    <uses-permission android:name="com.sonymobile.home.permission.PROVIDER_INSERT_BADGE" /> <!-- Apex -->
40-->[com.onesignal:OneSignal:4.8.5] AndroidManifest.xml:37:5-92
40-->[com.onesignal:OneSignal:4.8.5] AndroidManifest.xml:37:22-89
41    <uses-permission android:name="com.anddoes.launcher.permission.UPDATE_COUNT" /> <!-- Solid -->
41-->[com.onesignal:OneSignal:4.8.5] AndroidManifest.xml:38:5-84
41-->[com.onesignal:OneSignal:4.8.5] AndroidManifest.xml:38:22-81
42    <uses-permission android:name="com.majeur.launcher.permission.UPDATE_BADGE" /> <!-- Huawei -->
42-->[com.onesignal:OneSignal:4.8.5] AndroidManifest.xml:39:5-83
42-->[com.onesignal:OneSignal:4.8.5] AndroidManifest.xml:39:22-80
43    <uses-permission android:name="com.huawei.android.launcher.permission.CHANGE_BADGE" />
43-->[com.onesignal:OneSignal:4.8.5] AndroidManifest.xml:40:5-91
43-->[com.onesignal:OneSignal:4.8.5] AndroidManifest.xml:40:22-88
44    <uses-permission android:name="com.huawei.android.launcher.permission.READ_SETTINGS" />
44-->[com.onesignal:OneSignal:4.8.5] AndroidManifest.xml:41:5-92
44-->[com.onesignal:OneSignal:4.8.5] AndroidManifest.xml:41:22-89
45    <uses-permission android:name="com.huawei.android.launcher.permission.WRITE_SETTINGS" /> <!-- ZUK -->
45-->[com.onesignal:OneSignal:4.8.5] AndroidManifest.xml:42:5-93
45-->[com.onesignal:OneSignal:4.8.5] AndroidManifest.xml:42:22-90
46    <uses-permission android:name="android.permission.READ_APP_BADGE" /> <!-- OPPO -->
46-->[com.onesignal:OneSignal:4.8.5] AndroidManifest.xml:43:5-73
46-->[com.onesignal:OneSignal:4.8.5] AndroidManifest.xml:43:22-70
47    <uses-permission android:name="com.oppo.launcher.permission.READ_SETTINGS" />
47-->[com.onesignal:OneSignal:4.8.5] AndroidManifest.xml:44:5-82
47-->[com.onesignal:OneSignal:4.8.5] AndroidManifest.xml:44:22-79
48    <uses-permission android:name="com.oppo.launcher.permission.WRITE_SETTINGS" /> <!-- EvMe -->
48-->[com.onesignal:OneSignal:4.8.5] AndroidManifest.xml:45:5-83
48-->[com.onesignal:OneSignal:4.8.5] AndroidManifest.xml:45:22-80
49    <uses-permission android:name="me.everything.badger.permission.BADGE_COUNT_READ" />
49-->[com.onesignal:OneSignal:4.8.5] AndroidManifest.xml:46:5-88
49-->[com.onesignal:OneSignal:4.8.5] AndroidManifest.xml:46:22-85
50    <uses-permission android:name="me.everything.badger.permission.BADGE_COUNT_WRITE" />
50-->[com.onesignal:OneSignal:4.8.5] AndroidManifest.xml:47:5-89
50-->[com.onesignal:OneSignal:4.8.5] AndroidManifest.xml:47:22-86
51    <uses-permission android:name="android.permission.FOREGROUND_SERVICE" />
51-->[androidx.work:work-runtime:2.7.1] AndroidManifest.xml:28:5-77
51-->[androidx.work:work-runtime:2.7.1] AndroidManifest.xml:28:22-74
52
53    <application
53-->src/main/AndroidManifest.xml:5:5-27:19
54        android:name="com.rentwisegh.MainApplication"
54-->src/main/AndroidManifest.xml:6:7-38
55        android:allowBackup="false"
55-->src/main/AndroidManifest.xml:10:7-34
56        android:appComponentFactory="androidx.core.app.CoreComponentFactory"
56-->[androidx.core:core:1.7.0] AndroidManifest.xml:24:18-86
57        android:icon="@mipmap/ic_launcher"
57-->src/main/AndroidManifest.xml:8:7-41
58        android:label="@string/app_name"
58-->src/main/AndroidManifest.xml:7:7-39
59        android:roundIcon="@mipmap/ic_launcher_round"
59-->src/main/AndroidManifest.xml:9:7-52
60        android:theme="@style/AppTheme"
60-->src/main/AndroidManifest.xml:12:7-38
61        android:usesCleartextTraffic="true" >
61-->src/main/AndroidManifest.xml:11:7-42
62        <activity
62-->src/main/AndroidManifest.xml:13:7-26:18
63            android:name="com.rentwisegh.MainActivity"
63-->src/main/AndroidManifest.xml:14:9-37
64            android:configChanges="keyboard|keyboardHidden|orientation|screenLayout|screenSize|smallestScreenSize|uiMode"
64-->src/main/AndroidManifest.xml:16:9-118
65            android:exported="true"
65-->src/main/AndroidManifest.xml:19:9-32
66            android:label="@string/app_name"
66-->src/main/AndroidManifest.xml:15:9-41
67            android:launchMode="singleTask"
67-->src/main/AndroidManifest.xml:17:9-40
68            android:screenOrientation="portrait"
68-->src/main/AndroidManifest.xml:20:9-45
69            android:windowSoftInputMode="adjustResize" >
69-->src/main/AndroidManifest.xml:18:9-51
70            <intent-filter>
70-->src/main/AndroidManifest.xml:22:9-25:25
71                <action android:name="android.intent.action.MAIN" />
71-->src/main/AndroidManifest.xml:23:13-65
71-->src/main/AndroidManifest.xml:23:21-62
72
73                <category android:name="android.intent.category.LAUNCHER" />
73-->src/main/AndroidManifest.xml:24:13-73
73-->src/main/AndroidManifest.xml:24:23-70
74            </intent-filter>
75        </activity>
76
77        <provider
77-->[:ionic-webview] AndroidManifest.xml:8:9-16:20
78            android:name="com.reactnativecommunity.webview.RNCWebViewFileProvider"
78-->[:ionic-webview] AndroidManifest.xml:9:13-83
79            android:authorities="com.rentwisegh.fileprovider"
79-->[:ionic-webview] AndroidManifest.xml:10:13-64
80            android:exported="false"
80-->[:ionic-webview] AndroidManifest.xml:11:13-37
81            android:grantUriPermissions="true" >
81-->[:ionic-webview] AndroidManifest.xml:12:13-47
82            <meta-data
82-->[:ionic-webview] AndroidManifest.xml:13:13-15:63
83                android:name="android.support.FILE_PROVIDER_PATHS"
83-->[:ionic-webview] AndroidManifest.xml:14:17-67
84                android:resource="@xml/file_provider_paths" />
84-->[:ionic-webview] AndroidManifest.xml:15:17-60
85        </provider>
86
87        <receiver
87-->[com.onesignal:OneSignal:4.8.5] AndroidManifest.xml:50:9-61:20
88            android:name="com.onesignal.FCMBroadcastReceiver"
88-->[com.onesignal:OneSignal:4.8.5] AndroidManifest.xml:51:13-62
89            android:exported="true"
89-->[com.onesignal:OneSignal:4.8.5] AndroidManifest.xml:52:13-36
90            android:permission="com.google.android.c2dm.permission.SEND" >
90-->[com.onesignal:OneSignal:4.8.5] AndroidManifest.xml:53:13-73
91
92            <!-- High priority so OneSignal payloads can be filtered from other FCM receivers -->
93            <intent-filter android:priority="999" >
93-->[com.onesignal:OneSignal:4.8.5] AndroidManifest.xml:56:13-60:29
93-->[com.onesignal:OneSignal:4.8.5] AndroidManifest.xml:56:28-50
94                <action android:name="com.google.android.c2dm.intent.RECEIVE" />
94-->[com.onesignal:OneSignal:4.8.5] AndroidManifest.xml:57:17-81
94-->[com.onesignal:OneSignal:4.8.5] AndroidManifest.xml:57:25-78
95
96                <category android:name="com.rentwisegh" />
96-->[com.onesignal:OneSignal:4.8.5] AndroidManifest.xml:59:17-61
96-->[com.onesignal:OneSignal:4.8.5] AndroidManifest.xml:59:27-58
97            </intent-filter>
98        </receiver>
99
100        <service
100-->[com.onesignal:OneSignal:4.8.5] AndroidManifest.xml:63:9-69:19
101            android:name="com.onesignal.HmsMessageServiceOneSignal"
101-->[com.onesignal:OneSignal:4.8.5] AndroidManifest.xml:64:13-68
102            android:exported="false" >
102-->[com.onesignal:OneSignal:4.8.5] AndroidManifest.xml:65:13-37
103            <intent-filter>
103-->[com.onesignal:OneSignal:4.8.5] AndroidManifest.xml:66:13-68:29
104                <action android:name="com.huawei.push.action.MESSAGING_EVENT" />
104-->[com.onesignal:OneSignal:4.8.5] AndroidManifest.xml:67:17-81
104-->[com.onesignal:OneSignal:4.8.5] AndroidManifest.xml:67:25-78
105            </intent-filter>
106        </service>
107
108        <activity
108-->[com.onesignal:OneSignal:4.8.5] AndroidManifest.xml:71:9-79:20
109            android:name="com.onesignal.NotificationOpenedActivityHMS"
109-->[com.onesignal:OneSignal:4.8.5] AndroidManifest.xml:72:13-71
110            android:exported="true"
110-->[com.onesignal:OneSignal:4.8.5] AndroidManifest.xml:73:13-36
111            android:noHistory="true"
111-->[com.onesignal:OneSignal:4.8.5] AndroidManifest.xml:74:13-37
112            android:theme="@android:style/Theme.Translucent.NoTitleBar" >
112-->[com.onesignal:OneSignal:4.8.5] AndroidManifest.xml:75:13-72
113            <intent-filter>
113-->[com.onesignal:OneSignal:4.8.5] AndroidManifest.xml:76:13-78:29
114                <action android:name="android.intent.action.VIEW" />
114-->[com.onesignal:OneSignal:4.8.5] AndroidManifest.xml:77:17-69
114-->[com.onesignal:OneSignal:4.8.5] AndroidManifest.xml:77:25-66
115            </intent-filter>
116        </activity>
117
118        <service
118-->[com.onesignal:OneSignal:4.8.5] AndroidManifest.xml:81:9-83:40
119            android:name="com.onesignal.FCMIntentService"
119-->[com.onesignal:OneSignal:4.8.5] AndroidManifest.xml:82:13-58
120            android:exported="false" />
120-->[com.onesignal:OneSignal:4.8.5] AndroidManifest.xml:83:13-37
121        <service
121-->[com.onesignal:OneSignal:4.8.5] AndroidManifest.xml:84:9-87:72
122            android:name="com.onesignal.FCMIntentJobService"
122-->[com.onesignal:OneSignal:4.8.5] AndroidManifest.xml:85:13-61
123            android:exported="false"
123-->[com.onesignal:OneSignal:4.8.5] AndroidManifest.xml:86:13-37
124            android:permission="android.permission.BIND_JOB_SERVICE" />
124-->[com.onesignal:OneSignal:4.8.5] AndroidManifest.xml:87:13-69
125        <service
125-->[com.onesignal:OneSignal:4.8.5] AndroidManifest.xml:88:9-91:43
126            android:name="com.onesignal.SyncService"
126-->[com.onesignal:OneSignal:4.8.5] AndroidManifest.xml:89:13-53
127            android:exported="false"
127-->[com.onesignal:OneSignal:4.8.5] AndroidManifest.xml:90:13-37
128            android:stopWithTask="true" />
128-->[com.onesignal:OneSignal:4.8.5] AndroidManifest.xml:91:13-40
129        <service
129-->[com.onesignal:OneSignal:4.8.5] AndroidManifest.xml:92:9-95:72
130            android:name="com.onesignal.SyncJobService"
130-->[com.onesignal:OneSignal:4.8.5] AndroidManifest.xml:93:13-56
131            android:exported="false"
131-->[com.onesignal:OneSignal:4.8.5] AndroidManifest.xml:94:13-37
132            android:permission="android.permission.BIND_JOB_SERVICE" />
132-->[com.onesignal:OneSignal:4.8.5] AndroidManifest.xml:95:13-69
133
134        <activity
134-->[com.onesignal:OneSignal:4.8.5] AndroidManifest.xml:97:9-100:75
135            android:name="com.onesignal.PermissionsActivity"
135-->[com.onesignal:OneSignal:4.8.5] AndroidManifest.xml:98:13-61
136            android:exported="false"
136-->[com.onesignal:OneSignal:4.8.5] AndroidManifest.xml:99:13-37
137            android:theme="@android:style/Theme.Translucent.NoTitleBar" />
137-->[com.onesignal:OneSignal:4.8.5] AndroidManifest.xml:100:13-72
138
139        <receiver
139-->[com.onesignal:OneSignal:4.8.5] AndroidManifest.xml:102:9-104:39
140            android:name="com.onesignal.NotificationDismissReceiver"
140-->[com.onesignal:OneSignal:4.8.5] AndroidManifest.xml:103:13-69
141            android:exported="true" />
141-->[com.onesignal:OneSignal:4.8.5] AndroidManifest.xml:104:13-36
142        <receiver
142-->[com.onesignal:OneSignal:4.8.5] AndroidManifest.xml:105:9-112:20
143            android:name="com.onesignal.BootUpReceiver"
143-->[com.onesignal:OneSignal:4.8.5] AndroidManifest.xml:106:13-56
144            android:exported="true" >
144-->[com.onesignal:OneSignal:4.8.5] AndroidManifest.xml:107:13-36
145            <intent-filter>
145-->[com.onesignal:OneSignal:4.8.5] AndroidManifest.xml:108:13-111:29
146                <action android:name="android.intent.action.BOOT_COMPLETED" />
146-->[com.onesignal:OneSignal:4.8.5] AndroidManifest.xml:109:17-79
146-->[com.onesignal:OneSignal:4.8.5] AndroidManifest.xml:109:25-76
147                <action android:name="android.intent.action.QUICKBOOT_POWERON" />
147-->[com.onesignal:OneSignal:4.8.5] AndroidManifest.xml:110:17-82
147-->[com.onesignal:OneSignal:4.8.5] AndroidManifest.xml:110:25-79
148            </intent-filter>
149        </receiver>
150        <receiver
150-->[com.onesignal:OneSignal:4.8.5] AndroidManifest.xml:113:9-119:20
151            android:name="com.onesignal.UpgradeReceiver"
151-->[com.onesignal:OneSignal:4.8.5] AndroidManifest.xml:114:13-57
152            android:exported="true" >
152-->[com.onesignal:OneSignal:4.8.5] AndroidManifest.xml:115:13-36
153            <intent-filter>
153-->[com.onesignal:OneSignal:4.8.5] AndroidManifest.xml:116:13-118:29
154                <action android:name="android.intent.action.MY_PACKAGE_REPLACED" />
154-->[com.onesignal:OneSignal:4.8.5] AndroidManifest.xml:117:17-84
154-->[com.onesignal:OneSignal:4.8.5] AndroidManifest.xml:117:25-81
155            </intent-filter>
156        </receiver>
157
158        <activity
158-->[com.onesignal:OneSignal:4.8.5] AndroidManifest.xml:121:9-127:75
159            android:name="com.onesignal.NotificationOpenedReceiver"
159-->[com.onesignal:OneSignal:4.8.5] AndroidManifest.xml:122:13-68
160            android:excludeFromRecents="true"
160-->[com.onesignal:OneSignal:4.8.5] AndroidManifest.xml:123:13-46
161            android:exported="true"
161-->[com.onesignal:OneSignal:4.8.5] AndroidManifest.xml:124:13-36
162            android:noHistory="true"
162-->[com.onesignal:OneSignal:4.8.5] AndroidManifest.xml:125:13-37
163            android:taskAffinity=""
163-->[com.onesignal:OneSignal:4.8.5] AndroidManifest.xml:126:13-36
164            android:theme="@android:style/Theme.Translucent.NoTitleBar" />
164-->[com.onesignal:OneSignal:4.8.5] AndroidManifest.xml:127:13-72
165        <activity
165-->[com.onesignal:OneSignal:4.8.5] AndroidManifest.xml:128:9-133:75
166            android:name="com.onesignal.NotificationOpenedReceiverAndroid22AndOlder"
166-->[com.onesignal:OneSignal:4.8.5] AndroidManifest.xml:129:13-85
167            android:excludeFromRecents="true"
167-->[com.onesignal:OneSignal:4.8.5] AndroidManifest.xml:130:13-46
168            android:exported="true"
168-->[com.onesignal:OneSignal:4.8.5] AndroidManifest.xml:131:13-36
169            android:noHistory="true"
169-->[com.onesignal:OneSignal:4.8.5] AndroidManifest.xml:132:13-37
170            android:theme="@android:style/Theme.Translucent.NoTitleBar" />
170-->[com.onesignal:OneSignal:4.8.5] AndroidManifest.xml:133:13-72
171        <activity
171-->[com.google.android.gms:play-services-base:17.6.0] AndroidManifest.xml:23:9-26:75
172            android:name="com.google.android.gms.common.api.GoogleApiActivity"
172-->[com.google.android.gms:play-services-base:17.6.0] AndroidManifest.xml:24:13-79
173            android:exported="false"
173-->[com.google.android.gms:play-services-base:17.6.0] AndroidManifest.xml:25:13-37
174            android:theme="@android:style/Theme.Translucent.NoTitleBar" />
174-->[com.google.android.gms:play-services-base:17.6.0] AndroidManifest.xml:26:13-72
175
176        <receiver
176-->[com.google.firebase:firebase-messaging:22.0.0] AndroidManifest.xml:28:9-35:20
177            android:name="com.google.firebase.iid.FirebaseInstanceIdReceiver"
177-->[com.google.firebase:firebase-messaging:22.0.0] AndroidManifest.xml:29:13-78
178            android:exported="true"
178-->[com.google.firebase:firebase-messaging:22.0.0] AndroidManifest.xml:30:13-36
179            android:permission="com.google.android.c2dm.permission.SEND" >
179-->[com.google.firebase:firebase-messaging:22.0.0] AndroidManifest.xml:31:13-73
180            <intent-filter>
180-->[com.google.firebase:firebase-messaging:22.0.0] AndroidManifest.xml:32:13-34:29
181                <action android:name="com.google.android.c2dm.intent.RECEIVE" />
181-->[com.onesignal:OneSignal:4.8.5] AndroidManifest.xml:57:17-81
181-->[com.onesignal:OneSignal:4.8.5] AndroidManifest.xml:57:25-78
182            </intent-filter>
183        </receiver>
184        <!--
185             FirebaseMessagingService performs security checks at runtime,
186             but set to not exported to explicitly avoid allowing another app to call it.
187        -->
188        <service
188-->[com.google.firebase:firebase-messaging:22.0.0] AndroidManifest.xml:41:9-48:19
189            android:name="com.google.firebase.messaging.FirebaseMessagingService"
189-->[com.google.firebase:firebase-messaging:22.0.0] AndroidManifest.xml:42:13-82
190            android:directBootAware="true"
190-->[com.google.firebase:firebase-messaging:22.0.0] AndroidManifest.xml:43:13-43
191            android:exported="false" >
191-->[com.google.firebase:firebase-messaging:22.0.0] AndroidManifest.xml:44:13-37
192            <intent-filter android:priority="-500" >
192-->[com.google.firebase:firebase-messaging:22.0.0] AndroidManifest.xml:45:13-47:29
192-->[com.google.firebase:firebase-messaging:22.0.0] AndroidManifest.xml:45:28-51
193                <action android:name="com.google.firebase.MESSAGING_EVENT" />
193-->[com.google.firebase:firebase-messaging:22.0.0] AndroidManifest.xml:46:17-78
193-->[com.google.firebase:firebase-messaging:22.0.0] AndroidManifest.xml:46:25-75
194            </intent-filter>
195        </service>
196        <service
196-->[com.google.firebase:firebase-messaging:22.0.0] AndroidManifest.xml:49:9-55:19
197            android:name="com.google.firebase.components.ComponentDiscoveryService"
197-->[com.google.firebase:firebase-messaging:22.0.0] AndroidManifest.xml:50:13-84
198            android:directBootAware="true"
198-->[com.google.firebase:firebase-common:20.0.0] AndroidManifest.xml:35:13-43
199            android:exported="false" >
199-->[com.google.firebase:firebase-messaging:22.0.0] AndroidManifest.xml:51:13-37
200            <meta-data
200-->[com.google.firebase:firebase-messaging:22.0.0] AndroidManifest.xml:52:13-54:85
201                android:name="com.google.firebase.components:com.google.firebase.messaging.FirebaseMessagingRegistrar"
201-->[com.google.firebase:firebase-messaging:22.0.0] AndroidManifest.xml:53:17-119
202                android:value="com.google.firebase.components.ComponentRegistrar" />
202-->[com.google.firebase:firebase-messaging:22.0.0] AndroidManifest.xml:54:17-82
203            <meta-data
203-->[com.google.firebase:firebase-datatransport:18.0.0] AndroidManifest.xml:28:13-30:85
204                android:name="com.google.firebase.components:com.google.firebase.datatransport.TransportRegistrar"
204-->[com.google.firebase:firebase-datatransport:18.0.0] AndroidManifest.xml:29:17-115
205                android:value="com.google.firebase.components.ComponentRegistrar" />
205-->[com.google.firebase:firebase-datatransport:18.0.0] AndroidManifest.xml:30:17-82
206            <meta-data
206-->[com.google.firebase:firebase-installations:17.0.0] AndroidManifest.xml:18:13-20:85
207                android:name="com.google.firebase.components:com.google.firebase.installations.FirebaseInstallationsRegistrar"
207-->[com.google.firebase:firebase-installations:17.0.0] AndroidManifest.xml:19:17-127
208                android:value="com.google.firebase.components.ComponentRegistrar" />
208-->[com.google.firebase:firebase-installations:17.0.0] AndroidManifest.xml:20:17-82
209        </service>
210
211        <provider
211-->[com.google.firebase:firebase-common:20.0.0] AndroidManifest.xml:26:9-31:39
212            android:name="com.google.firebase.provider.FirebaseInitProvider"
212-->[com.google.firebase:firebase-common:20.0.0] AndroidManifest.xml:27:13-77
213            android:authorities="com.rentwisegh.firebaseinitprovider"
213-->[com.google.firebase:firebase-common:20.0.0] AndroidManifest.xml:28:13-72
214            android:directBootAware="true"
214-->[com.google.firebase:firebase-common:20.0.0] AndroidManifest.xml:29:13-43
215            android:exported="false"
215-->[com.google.firebase:firebase-common:20.0.0] AndroidManifest.xml:30:13-37
216            android:initOrder="100" />
216-->[com.google.firebase:firebase-common:20.0.0] AndroidManifest.xml:31:13-36
217
218        <meta-data
218-->[com.google.android.gms:play-services-basement:17.6.0] AndroidManifest.xml:23:9-25:69
219            android:name="com.google.android.gms.version"
219-->[com.google.android.gms:play-services-basement:17.6.0] AndroidManifest.xml:24:13-58
220            android:value="@integer/google_play_services_version" />
220-->[com.google.android.gms:play-services-basement:17.6.0] AndroidManifest.xml:25:13-66
221
222        <provider
222-->[androidx.emoji2:emoji2:1.0.0] AndroidManifest.xml:26:9-34:20
223            android:name="androidx.startup.InitializationProvider"
223-->[androidx.emoji2:emoji2:1.0.0] AndroidManifest.xml:27:13-67
224            android:authorities="com.rentwisegh.androidx-startup"
224-->[androidx.emoji2:emoji2:1.0.0] AndroidManifest.xml:28:13-68
225            android:exported="false" >
225-->[androidx.emoji2:emoji2:1.0.0] AndroidManifest.xml:29:13-37
226            <meta-data
226-->[androidx.emoji2:emoji2:1.0.0] AndroidManifest.xml:31:13-33:52
227                android:name="androidx.emoji2.text.EmojiCompatInitializer"
227-->[androidx.emoji2:emoji2:1.0.0] AndroidManifest.xml:32:17-75
228                android:value="androidx.startup" />
228-->[androidx.emoji2:emoji2:1.0.0] AndroidManifest.xml:33:17-49
229            <meta-data
229-->[androidx.work:work-runtime:2.7.1] AndroidManifest.xml:36:13-38:52
230                android:name="androidx.work.WorkManagerInitializer"
230-->[androidx.work:work-runtime:2.7.1] AndroidManifest.xml:37:17-68
231                android:value="androidx.startup" />
231-->[androidx.work:work-runtime:2.7.1] AndroidManifest.xml:38:17-49
232            <meta-data
232-->[androidx.lifecycle:lifecycle-process:2.4.0] AndroidManifest.xml:31:13-33:52
233                android:name="androidx.lifecycle.ProcessLifecycleInitializer"
233-->[androidx.lifecycle:lifecycle-process:2.4.0] AndroidManifest.xml:32:17-78
234                android:value="androidx.startup" />
234-->[androidx.lifecycle:lifecycle-process:2.4.0] AndroidManifest.xml:33:17-49
235        </provider>
236
237        <service
237-->[androidx.work:work-runtime:2.7.1] AndroidManifest.xml:41:9-46:35
238            android:name="androidx.work.impl.background.systemalarm.SystemAlarmService"
238-->[androidx.work:work-runtime:2.7.1] AndroidManifest.xml:42:13-88
239            android:directBootAware="false"
239-->[androidx.work:work-runtime:2.7.1] AndroidManifest.xml:43:13-44
240            android:enabled="@bool/enable_system_alarm_service_default"
240-->[androidx.work:work-runtime:2.7.1] AndroidManifest.xml:44:13-72
241            android:exported="false" />
241-->[androidx.work:work-runtime:2.7.1] AndroidManifest.xml:45:13-37
242        <service
242-->[androidx.work:work-runtime:2.7.1] AndroidManifest.xml:47:9-53:35
243            android:name="androidx.work.impl.background.systemjob.SystemJobService"
243-->[androidx.work:work-runtime:2.7.1] AndroidManifest.xml:48:13-84
244            android:directBootAware="false"
244-->[androidx.work:work-runtime:2.7.1] AndroidManifest.xml:49:13-44
245            android:enabled="@bool/enable_system_job_service_default"
245-->[androidx.work:work-runtime:2.7.1] AndroidManifest.xml:50:13-70
246            android:exported="true"
246-->[androidx.work:work-runtime:2.7.1] AndroidManifest.xml:51:13-36
247            android:permission="android.permission.BIND_JOB_SERVICE" />
247-->[androidx.work:work-runtime:2.7.1] AndroidManifest.xml:52:13-69
248        <service
248-->[androidx.work:work-runtime:2.7.1] AndroidManifest.xml:54:9-59:35
249            android:name="androidx.work.impl.foreground.SystemForegroundService"
249-->[androidx.work:work-runtime:2.7.1] AndroidManifest.xml:55:13-81
250            android:directBootAware="false"
250-->[androidx.work:work-runtime:2.7.1] AndroidManifest.xml:56:13-44
251            android:enabled="@bool/enable_system_foreground_service_default"
251-->[androidx.work:work-runtime:2.7.1] AndroidManifest.xml:57:13-77
252            android:exported="false" />
252-->[androidx.work:work-runtime:2.7.1] AndroidManifest.xml:58:13-37
253
254        <receiver
254-->[androidx.work:work-runtime:2.7.1] AndroidManifest.xml:61:9-66:35
255            android:name="androidx.work.impl.utils.ForceStopRunnable$BroadcastReceiver"
255-->[androidx.work:work-runtime:2.7.1] AndroidManifest.xml:62:13-88
256            android:directBootAware="false"
256-->[androidx.work:work-runtime:2.7.1] AndroidManifest.xml:63:13-44
257            android:enabled="true"
257-->[androidx.work:work-runtime:2.7.1] AndroidManifest.xml:64:13-35
258            android:exported="false" />
258-->[androidx.work:work-runtime:2.7.1] AndroidManifest.xml:65:13-37
259        <receiver
259-->[androidx.work:work-runtime:2.7.1] AndroidManifest.xml:67:9-77:20
260            android:name="androidx.work.impl.background.systemalarm.ConstraintProxy$BatteryChargingProxy"
260-->[androidx.work:work-runtime:2.7.1] AndroidManifest.xml:68:13-106
261            android:directBootAware="false"
261-->[androidx.work:work-runtime:2.7.1] AndroidManifest.xml:69:13-44
262            android:enabled="false"
262-->[androidx.work:work-runtime:2.7.1] AndroidManifest.xml:70:13-36
263            android:exported="false" >
263-->[androidx.work:work-runtime:2.7.1] AndroidManifest.xml:71:13-37
264            <intent-filter>
264-->[androidx.work:work-runtime:2.7.1] AndroidManifest.xml:73:13-76:29
265                <action android:name="android.intent.action.ACTION_POWER_CONNECTED" />
265-->[androidx.work:work-runtime:2.7.1] AndroidManifest.xml:74:17-87
265-->[androidx.work:work-runtime:2.7.1] AndroidManifest.xml:74:25-84